<?xml version="1.0" encoding="UTF-8"?>
<!-- Generated by org.testng.reporters.JUnitReportReporter -->
<testsuite hostname="BOOK-EGTTO6TDF8" failures="0" tests="1" name="princesharma.Tests.ErrorValidations" time="3.362" errors="0" timestamp="2025-03-05T00:58:12 IST" skipped="0">
  <testcase classname="princesharma.Tests.ErrorValidations" name="submitOrder" time="3.362"/>
</testsuite> <!-- princesharma.Tests.ErrorValidations -->
