<?xml version="1.0" encoding="UTF-8"?>
<!-- Generated by org.testng.reporters.JUnitReportReporter -->
<testsuite hostname="BOOK-EGTTO6TDF8" failures="0" tests="2" name="cucumber.TestNGTestRunner" time="77.597" errors="0" timestamp="2025-03-07T16:46:51 IST" skipped="0">
  <testcase classname="cucumber.TestNGTestRunner" name="runScenario" time="19.413"/>
  <testcase classname="cucumber.TestNGTestRunner" name="runScenario" time="58.184"/>
</testsuite> <!-- cucumber.TestNGTestRunner -->
