<?xml version="1.0" encoding="UTF-8"?>
<!-- Generated by org.testng.reporters.JUnitReportReporter -->
<testsuite hostname="BOOK-EGTTO6TDF8" failures="0" tests="3" name="princesharma.Tests.SubmitOrderTest" time="29.861" errors="0" timestamp="2025-03-07T11:42:05 IST" skipped="0">
  <testcase classname="princesharma.Tests.SubmitOrderTest" name="submitOrder" time="20.194"/>
  <testcase classname="princesharma.Tests.SubmitOrderTest" name="submitOrder" time="6.127"/>
  <testcase classname="princesharma.Tests.SubmitOrderTest" name="orderHistoryTest" time="3.540"/>
</testsuite> <!-- princesharma.Tests.SubmitOrderTest -->
