<?xml version="1.0" encoding="UTF-8"?>
<!-- Generated by org.testng.reporters.JUnitReportReporter -->
<testsuite hostname="BOOK-EGTTO6TDF8" failures="0" tests="2" name="cucumber.TestNGTestRunner" time="51.382" errors="0" timestamp="2025-03-07T17:08:17 IST" skipped="0">
  <testcase classname="cucumber.TestNGTestRunner" name="runScenario" time="27.958"/>
  <testcase classname="cucumber.TestNGTestRunner" name="runScenario" time="23.424"/>
</testsuite> <!-- cucumber.TestNGTestRunner -->
